\BOOKMARK [1][-]{section.1}{\376\377\170\024\172\166\200\314\146\157\116\016\133\236\232\214\166\356\150\007}{}% 1
\BOOKMARK [1][-]{section.2}{\376\377\176\337\116\000\127\372\170\100\152\041\127\213}{}% 2
\BOOKMARK [2][-]{subsection.2.1}{\376\377\162\266\140\001\123\330\221\317\116\016\145\110\165\050\121\375\145\160}{section.2}% 3
\BOOKMARK [2][-]{subsection.2.2}{\376\377\000L\000o\000g\000i\000t\000\040\220\011\142\351\116\016\122\250\140\001\214\003\145\164}{section.2}% 4
\BOOKMARK [1][-]{section.3}{\376\377\173\054\116\000\226\066\153\265\377\032\127\372\170\100\147\072\122\066\133\236\232\214}{}% 5
\BOOKMARK [2][-]{subsection.3.1}{\376\377\133\236\232\214\213\276\213\241}{section.3}% 6
\BOOKMARK [2][-]{subsection.3.2}{\376\377\177\121\176\334\145\110\136\224\060\001\122\035\131\313\117\030\122\277\116\016\215\357\137\204\117\235\215\126}{section.3}% 7
\BOOKMARK [2][-]{subsection.3.3}{\376\377\147\015\122\241\215\050\221\317\124\214\210\145\215\064\136\162\230\204}{section.3}% 8
\BOOKMARK [2][-]{subsection.3.4}{\376\377\226\066\153\265\116\000\176\323\213\272}{section.3}% 9
\BOOKMARK [1][-]{section.4}{\376\377\173\054\116\214\226\066\153\265\377\032\116\064\165\114\147\141\116\366\116\016\173\126\165\145\213\304\117\060}{}% 10
\BOOKMARK [2][-]{subsection.4.1}{\376\377\136\002\127\072\162\266\140\001\123\072\127\337\116\016\116\064\165\114\226\010\120\074}{section.4}% 11
\BOOKMARK [2][-]{subsection.4.2}{\376\377\220\006\210\255\226\010\120\074\116\016\210\145\215\064\122\006\221\115}{section.4}% 12
\BOOKMARK [2][-]{subsection.4.3}{\376\377\210\145\215\064\220\000\121\372\116\016\122\051\155\246\176\246\147\137}{section.4}% 13
\BOOKMARK [2][-]{subsection.4.4}{\376\377\226\066\153\265\116\214\176\323\213\272}{section.4}% 14
\BOOKMARK [1][-]{section.5}{\376\377\173\054\116\011\226\066\153\265\377\032\000A\000B\000M\000\040\131\032\146\172\200\375\117\123\147\072\122\066\133\236\232\214}{}% 15
\BOOKMARK [2][-]{subsection.5.1}{\376\377\000A\000B\000M\000\040\152\041\127\213\142\151\134\125}{section.5}% 16
\BOOKMARK [2][-]{subsection.5.2}{\376\377\116\052\117\123\137\002\215\050\140\047\116\016\174\276\121\306\210\145\215\064}{section.5}% 17
\BOOKMARK [2][-]{subsection.5.3}{\376\377\121\267\124\057\122\250\116\016\131\032\137\122\134\136\147\072\122\066}{section.5}% 18
\BOOKMARK [2][-]{subsection.5.4}{\376\377\147\072\122\066\155\210\207\215\116\016\000\040\000O\000D\000E\000\040\133\371\153\324}{section.5}% 19
\BOOKMARK [2][-]{subsection.5.5}{\376\377\226\066\153\265\116\011\176\323\213\272}{section.5}% 20
\BOOKMARK [1][-]{section.6}{\376\377\176\374\124\010\176\323\213\272\116\016\163\260\133\236\124\057\171\072}{}% 21
\BOOKMARK [1][-]{section.7}{\376\377\133\371\230\230\166\356\154\350\141\017\116\213\230\171\166\204\173\046\124\010\140\047\213\364\146\016}{}% 22
